[INFO   ] Logger: Record log in /storage/emulated/0/a file where i practice programming/kivy/experiment_1/assets/.kivy/logs/kivy_22-06-18_2.txt
[INFO   ] Kivy: v2.0.0
[INFO   ] Kivy: Installed at "/data/data/ru.iiec.pydroid3/files/arm-linux-androideabi/lib/python3.9/site-packages/kivy/__init__.py"
[INFO   ] Python: v3.9.7 (default, Oct  9 2021, 08:02:40) 
[GCC 11.1.0]
[INFO   ] Python: Interpreter at "/data/data/ru.iiec.pydroid3/files/arm-linux-androideabi/bin/python3"
[INFO   ] Factory: 186 symbols loaded
[INFO   ] Image: Providers: img_tex, img_dds, img_sdl2 (img_pil, img_ffpyplayer ignored)
[INFO   ] Window: Provider: sdl2
[INFO   ] GL: Using the "OpenGL ES 2" graphics system
[INFO   ] GL: Backend used <sdl2>
[INFO   ] GL: OpenGL version <b'OpenGL ES 3.1'>
[INFO   ] GL: OpenGL vendor <b'ARM'>
[INFO   ] GL: OpenGL renderer <b'Mali-T860'>
[INFO   ] GL: OpenGL parsed version: 3, 1
[INFO   ] GL: Texture max size <8192>
[INFO   ] GL: Texture max units <16>
[INFO   ] Window: auto add sdl2 input provider
[INFO   ] Window: virtual keyboard not allowed, single mode, not docked
[WARNING] stderr: Traceback (most recent call last):
[WARNING] stderr:   File "/data/data/ru.iiec.pydroid3/files/arm-linux-androideabi/lib/python3.9/site-packages/kivy/lang/builder.py", line 926, in _build_canvas
[WARNING] stderr:     setattr(instr, key, value)
[WARNING] stderr:   File "kivy/graphics/vertex_instructions.pyx", line 862, in kivy.graphics.vertex_instructions.Rectangle.size.__set__
[WARNING] stderr: ValueError: too many values to unpack (expected 2)
[WARNING] stderr: 
[WARNING] stderr: During handling of the above exception, another exception occurred:
[WARNING] stderr: 
[WARNING] stderr: Traceback (most recent call last):
[WARNING] stderr:   File "/storage/emulated/0/a file where i practice programming/kivy/experiment_1/assets/main.py", line 11, in <module>
[WARNING] stderr:   File "/data/data/ru.iiec.pydroid3/files/arm-linux-androideabi/lib/python3.9/site-packages/kivy/app.py", line 949, in run
[WARNING] stderr:     self._run_prepare()
[WARNING] stderr:   File "/data/data/ru.iiec.pydroid3/files/arm-linux-androideabi/lib/python3.9/site-packages/kivy/app.py", line 918, in _run_prepare
[WARNING] stderr:     self.load_kv(filename=self.kv_file)
[WARNING] stderr:   File "/data/data/ru.iiec.pydroid3/files/arm-linux-androideabi/lib/python3.9/site-packages/kivy/app.py", line 691, in load_kv
[WARNING] stderr:     root = Builder.load_file(rfilename)
[WARNING] stderr:   File "/data/data/ru.iiec.pydroid3/files/arm-linux-androideabi/lib/python3.9/site-packages/kivy/lang/builder.py", line 306, in load_file
[WARNING] stderr:     return self.load_string(data, **kwargs)
[WARNING] stderr:   File "/data/data/ru.iiec.pydroid3/files/arm-linux-androideabi/lib/python3.9/site-packages/kivy/lang/builder.py", line 406, in load_string
[WARNING] stderr:     widget.apply_class_lang_rules(
[WARNING] stderr:   File "/data/data/ru.iiec.pydroid3/files/arm-linux-androideabi/lib/python3.9/site-packages/kivy/uix/widget.py", line 463, in apply_class_lang_rules
[WARNING] stderr:     Builder.apply(
[WARNING] stderr:   File "/data/data/ru.iiec.pydroid3/files/arm-linux-androideabi/lib/python3.9/site-packages/kivy/lang/builder.py", line 541, in apply
[WARNING] stderr:     self._apply_rule(
[WARNING] stderr:   File "/data/data/ru.iiec.pydroid3/files/arm-linux-androideabi/lib/python3.9/site-packages/kivy/lang/builder.py", line 600, in _apply_rule
[WARNING] stderr:     self._build_canvas(widget.canvas, widget,
[WARNING] stderr:   File "/data/data/ru.iiec.pydroid3/files/arm-linux-androideabi/lib/python3.9/site-packages/kivy/lang/builder.py", line 929, in _build_canvas
[WARNING] stderr:     raise BuilderException(
[WARNING] stderr: kivy.lang.builder.BuilderException: Parser: File "/storage/emulated/0/a file where i practice programming/kivy/experiment_1/assets/experiment1.kv", line 7:
[WARNING] stderr: ...
[WARNING] stderr:       5:    canvas:
[WARNING] stderr:       6:        Rectangle:
[WARNING] stderr: >>    7:            size: 100, 100, 100, 100
[WARNING] stderr: ...
[WARNING] stderr: ValueError: too many values to unpack (expected 2)
[WARNING] stderr:   File "/data/data/ru.iiec.pydroid3/files/arm-linux-androideabi/lib/python3.9/site-packages/kivy/lang/builder.py", line 926, in _build_canvas
[WARNING] stderr:     setattr(instr, key, value)
[WARNING] stderr:   File "kivy/graphics/vertex_instructions.pyx", line 862, in kivy.graphics.vertex_instructions.Rectangle.size.__set__
[WARNING] stderr: 
