[INFO   ] Logger: Record log in /storage/emulated/0/a file where i practice programming/kivy/calculator/assets/.kivy/logs/kivy_22-06-19_45.txt
[INFO   ] Kivy: v2.0.0
[INFO   ] Kivy: Installed at "/data/data/ru.iiec.pydroid3/files/arm-linux-androideabi/lib/python3.9/site-packages/kivy/__init__.py"
[INFO   ] Python: v3.9.7 (default, Oct  9 2021, 08:02:40) 
[GCC 11.1.0]
[INFO   ] Python: Interpreter at "/data/data/ru.iiec.pydroid3/files/arm-linux-androideabi/bin/python3"
[INFO   ] Factory: 186 symbols loaded
[INFO   ] Image: Providers: img_tex, img_dds, img_sdl2 (img_pil, img_ffpyplayer ignored)
[INFO   ] Window: Provider: sdl2
[INFO   ] GL: Using the "OpenGL ES 2" graphics system
[INFO   ] GL: Backend used <sdl2>
[INFO   ] GL: OpenGL version <b'OpenGL ES 3.1'>
[INFO   ] GL: OpenGL vendor <b'ARM'>
[INFO   ] GL: OpenGL renderer <b'Mali-T860'>
[INFO   ] GL: OpenGL parsed version: 3, 1
[INFO   ] GL: Texture max size <8192>
[INFO   ] GL: Texture max units <16>
[INFO   ] Window: auto add sdl2 input provider
[INFO   ] Window: virtual keyboard not allowed, single mode, not docked
[WARNING] Lang: The file /storage/emulated/0/a file where i practice programming/kivy/calculator/assets/calculator.kv is loaded multiples times, you might have unwanted behaviors.
[INFO   ] Text: Provider: sdl2
[INFO   ] GL: NPOT texture support is available
[WARNING] stderr: Traceback (most recent call last):
[WARNING] stderr:   File "/data/data/ru.iiec.pydroid3/files/arm-linux-androideabi/lib/python3.9/site-packages/kivy/lang/builder.py", line 705, in _apply_rule
[WARNING] stderr:     setattr(widget_set, key, value)
[WARNING] stderr:   File "kivy/weakproxy.pyx", line 35, in kivy.weakproxy.WeakProxy.__setattr__
[WARNING] stderr:   File "kivy/properties.pyx", line 498, in kivy.properties.Property.__set__
[WARNING] stderr:   File "kivy/properties.pyx", line 542, in kivy.properties.Property.set
[WARNING] stderr:   File "kivy/properties.pyx", line 533, in kivy.properties.Property.set
[WARNING] stderr:   File "kivy/properties.pyx", line 1253, in kivy.properties.OptionProperty.check
[WARNING] stderr: ValueError: TextInput.halign is set to an invalid option 'r-c'. Must be one of: ['left', 'center', 'right', 'auto']
[WARNING] stderr: 
[WARNING] stderr: During handling of the above exception, another exception occurred:
[WARNING] stderr: 
[WARNING] stderr: Traceback (most recent call last):
[WARNING] stderr:   File "/storage/emulated/0/a file where i practice programming/kivy/calculator/assets/main.py", line 20, in <module>
[WARNING] stderr:     calculator().run()
[WARNING] stderr:   File "/data/data/ru.iiec.pydroid3/files/arm-linux-androideabi/lib/python3.9/site-packages/kivy/app.py", line 949, in run
[WARNING] stderr:     self._run_prepare()
[WARNING] stderr:   File "/data/data/ru.iiec.pydroid3/files/arm-linux-androideabi/lib/python3.9/site-packages/kivy/app.py", line 919, in _run_prepare
[WARNING] stderr:     root = self.build()
[WARNING] stderr:   File "/storage/emulated/0/a file where i practice programming/kivy/calculator/assets/main.py", line 17, in build
[WARNING] stderr:     return calculatorwidget()
[WARNING] stderr:   File "/data/data/ru.iiec.pydroid3/files/arm-linux-androideabi/lib/python3.9/site-packages/kivy/uix/widget.py", line 359, in __init__
[WARNING] stderr:     self.apply_class_lang_rules(
[WARNING] stderr:   File "/data/data/ru.iiec.pydroid3/files/arm-linux-androideabi/lib/python3.9/site-packages/kivy/uix/widget.py", line 463, in apply_class_lang_rules
[WARNING] stderr:     Builder.apply(
[WARNING] stderr:   File "/data/data/ru.iiec.pydroid3/files/arm-linux-androideabi/lib/python3.9/site-packages/kivy/lang/builder.py", line 541, in apply
[WARNING] stderr:     self._apply_rule(
[WARNING] stderr:   File "/data/data/ru.iiec.pydroid3/files/arm-linux-androideabi/lib/python3.9/site-packages/kivy/lang/builder.py", line 710, in _apply_rule
[WARNING] stderr:     raise BuilderException(rule.ctx, rule.line,
[WARNING] stderr: kivy.lang.builder.BuilderException: Parser: File "/storage/emulated/0/a file where i practice programming/kivy/calculator/assets/calculator.kv", line 31:
[WARNING] stderr: ...
[WARNING] stderr:      29:            multiline: False
[WARNING] stderr:      30:
[WARNING] stderr: >>   31:            halign: "r-c"
[WARNING] stderr:      32:            
[WARNING] stderr:      33:
[WARNING] stderr: ...
[WARNING] stderr: ValueError: TextInput.halign is set to an invalid option 'r-c'. Must be one of: ['left', 'center', 'right', 'auto']
[WARNING] stderr:   File "/data/data/ru.iiec.pydroid3/files/arm-linux-androideabi/lib/python3.9/site-packages/kivy/lang/builder.py", line 705, in _apply_rule
[WARNING] stderr:     setattr(widget_set, key, value)
[WARNING] stderr:   File "kivy/weakproxy.pyx", line 35, in kivy.weakproxy.WeakProxy.__setattr__
[WARNING] stderr:   File "kivy/properties.pyx", line 498, in kivy.properties.Property.__set__
[WARNING] stderr:   File "kivy/properties.pyx", line 542, in kivy.properties.Property.set
[WARNING] stderr:   File "kivy/properties.pyx", line 533, in kivy.properties.Property.set
[WARNING] stderr:   File "kivy/properties.pyx", line 1253, in kivy.properties.OptionProperty.check
[WARNING] stderr: 
